2024-07-07T09:25:03.029+03:00  INFO 8976 --- [restartedMain] c.h.s.SeniorFullStack1Application        : Starting SeniorFullStack1Application using Java 21 with PID 8976 (E:\8-) Projeler Doküman\spring\SeniorFullStack1\target\classes started by Hamit-Mizrak in E:\8-) Projeler Doküman\spring\SeniorFullStack1)
2024-07-07T09:25:03.057+03:00  INFO 8976 --- [restartedMain] c.h.s.SeniorFullStack1Application        : The following 1 profile is active: "frontend"
2024-07-07T09:25:03.127+03:00  INFO 8976 --- [restartedMain] .e.DevToolsPropertyDefaultsPostProcessor : Devtools property defaults active! Set 'spring.devtools.add-properties' to 'false' to disable
2024-07-07T09:25:03.128+03:00  INFO 8976 --- [restartedMain] .e.DevToolsPropertyDefaultsPostProcessor : For additional web related logging consider setting the 'logging.level.web' property to 'DEBUG'
2024-07-07T09:25:05.288+03:00  INFO 8976 --- [restartedMain] .s.d.r.c.RepositoryConfigurationDelegate : Bootstrapping Spring Data JPA repositories in DEFAULT mode.
2024-07-07T09:25:05.311+03:00  INFO 8976 --- [restartedMain] .s.d.r.c.RepositoryConfigurationDelegate : Finished Spring Data repository scanning in 13 ms. Found 0 JPA repository interfaces.
2024-07-07T09:25:05.563+03:00 ERROR 8976 --- [restartedMain] o.s.boot.SpringApplication               : Application run failed

java.lang.IllegalStateException: Cannot load configuration class: com.hamitmizrak.seniorfullstack1.bean.Locale18NBean
	at org.springframework.context.annotation.ConfigurationClassPostProcessor.enhanceConfigurationClasses(ConfigurationClassPostProcessor.java:500) ~[spring-context-6.0.13.jar:6.0.13]
	at org.springframework.context.annotation.ConfigurationClassPostProcessor.postProcessBeanFactory(ConfigurationClassPostProcessor.java:308) ~[spring-context-6.0.13.jar:6.0.13]
	at org.springframework.context.support.PostProcessorRegistrationDelegate.invokeBeanFactoryPostProcessors(PostProcessorRegistrationDelegate.java:358) ~[spring-context-6.0.13.jar:6.0.13]
	at org.springframework.context.support.PostProcessorRegistrationDelegate.invokeBeanFactoryPostProcessors(PostProcessorRegistrationDelegate.java:150) ~[spring-context-6.0.13.jar:6.0.13]
	at org.springframework.context.support.AbstractApplicationContext.invokeBeanFactoryPostProcessors(AbstractApplicationContext.java:779) ~[spring-context-6.0.13.jar:6.0.13]
	at org.springframework.context.support.AbstractApplicationContext.refresh(AbstractApplicationContext.java:597) ~[spring-context-6.0.13.jar:6.0.13]
	at org.springframework.boot.web.servlet.context.ServletWebServerApplicationContext.refresh(ServletWebServerApplicationContext.java:146) ~[spring-boot-3.1.5.jar:3.1.5]
	at org.springframework.boot.SpringApplication.refresh(SpringApplication.java:738) ~[spring-boot-3.1.5.jar:3.1.5]
	at org.springframework.boot.SpringApplication.refreshContext(SpringApplication.java:440) ~[spring-boot-3.1.5.jar:3.1.5]
	at org.springframework.boot.SpringApplication.run(SpringApplication.java:316) ~[spring-boot-3.1.5.jar:3.1.5]
	at org.springframework.boot.SpringApplication.run(SpringApplication.java:1306) ~[spring-boot-3.1.5.jar:3.1.5]
	at org.springframework.boot.SpringApplication.run(SpringApplication.java:1295) ~[spring-boot-3.1.5.jar:3.1.5]
	at com.hamitmizrak.seniorfullstack1.SeniorFullStack1Application.main(SeniorFullStack1Application.java:66) ~[classes/:na]
	at java.base/jdk.internal.reflect.DirectMethodHandleAccessor.invoke(DirectMethodHandleAccessor.java:103) ~[na:na]
	at java.base/java.lang.reflect.Method.invoke(Method.java:580) ~[na:na]
	at org.springframework.boot.devtools.restart.RestartLauncher.run(RestartLauncher.java:50) ~[spring-boot-devtools-3.1.5.jar:3.1.5]
Caused by: java.lang.ClassNotFoundException: com.hamitmizrak.seniorfullstack1.bean.Locale18NBean
	at java.base/jdk.internal.loader.BuiltinClassLoader.loadClass(BuiltinClassLoader.java:641) ~[na:na]
	at java.base/jdk.internal.loader.ClassLoaders$AppClassLoader.loadClass(ClassLoaders.java:188) ~[na:na]
	at java.base/java.lang.ClassLoader.loadClass(ClassLoader.java:526) ~[na:na]
	at java.base/java.lang.Class.forName0(Native Method) ~[na:na]
	at java.base/java.lang.Class.forName(Class.java:534) ~[na:na]
	at java.base/java.lang.Class.forName(Class.java:513) ~[na:na]
	at org.springframework.boot.devtools.restart.classloader.RestartClassLoader.loadClass(RestartClassLoader.java:121) ~[spring-boot-devtools-3.1.5.jar:3.1.5]
	at java.base/java.lang.ClassLoader.loadClass(ClassLoader.java:526) ~[na:na]
	at java.base/java.lang.Class.forName0(Native Method) ~[na:na]
	at java.base/java.lang.Class.forName(Class.java:534) ~[na:na]
	at java.base/java.lang.Class.forName(Class.java:513) ~[na:na]
	at org.springframework.util.ClassUtils.forName(ClassUtils.java:291) ~[spring-core-6.0.13.jar:6.0.13]
	at org.springframework.beans.factory.support.AbstractBeanDefinition.resolveBeanClass(AbstractBeanDefinition.java:462) ~[spring-beans-6.0.13.jar:6.0.13]
	at org.springframework.context.annotation.ConfigurationClassPostProcessor.enhanceConfigurationClasses(ConfigurationClassPostProcessor.java:496) ~[spring-context-6.0.13.jar:6.0.13]
	... 15 common frames omitted

2024-07-07T09:25:05.585+03:00  WARN 8976 --- [restartedMain] o.s.boot.SpringApplication               : Unable to close ApplicationContext

org.springframework.beans.factory.CannotLoadBeanClassException: Cannot find class [com.hamitmizrak.seniorfullstack1.bean.Locale18NBean] for bean with name 'locale18NBean' defined in file [E:\8-) Projeler Doküman\spring\SeniorFullStack1\target\classes\com\hamitmizrak\seniorfullstack1\bean\Locale18NBean.class]
	at org.springframework.beans.factory.support.AbstractBeanFactory.resolveBeanClass(AbstractBeanFactory.java:1503) ~[spring-beans-6.0.13.jar:6.0.13]
	at org.springframework.beans.factory.support.AbstractAutowireCapableBeanFactory.determineTargetType(AbstractAutowireCapableBeanFactory.java:683) ~[spring-beans-6.0.13.jar:6.0.13]
	at org.springframework.beans.factory.support.AbstractAutowireCapableBeanFactory.predictBeanType(AbstractAutowireCapableBeanFactory.java:651) ~[spring-beans-6.0.13.jar:6.0.13]
	at org.springframework.beans.factory.support.AbstractBeanFactory.isFactoryBean(AbstractBeanFactory.java:1630) ~[spring-beans-6.0.13.jar:6.0.13]
	at org.springframework.beans.factory.support.DefaultListableBeanFactory.doGetBeanNamesForType(DefaultListableBeanFactory.java:560) ~[spring-beans-6.0.13.jar:6.0.13]
	at org.springframework.beans.factory.support.DefaultListableBeanFactory.getBeanNamesForType(DefaultListableBeanFactory.java:532) ~[spring-beans-6.0.13.jar:6.0.13]
	at org.springframework.beans.factory.support.DefaultListableBeanFactory.getBeansOfType(DefaultListableBeanFactory.java:659) ~[spring-beans-6.0.13.jar:6.0.13]
	at org.springframework.beans.factory.support.DefaultListableBeanFactory.getBeansOfType(DefaultListableBeanFactory.java:651) ~[spring-beans-6.0.13.jar:6.0.13]
	at org.springframework.context.support.AbstractApplicationContext.getBeansOfType(AbstractApplicationContext.java:1312) ~[spring-context-6.0.13.jar:6.0.13]
	at org.springframework.boot.SpringApplication.getExitCodeFromMappedException(SpringApplication.java:867) ~[spring-boot-3.1.5.jar:3.1.5]
	at org.springframework.boot.SpringApplication.getExitCodeFromException(SpringApplication.java:855) ~[spring-boot-3.1.5.jar:3.1.5]
	at org.springframework.boot.SpringApplication.handleExitCode(SpringApplication.java:842) ~[spring-boot-3.1.5.jar:3.1.5]
	at org.springframework.boot.SpringApplication.handleRunFailure(SpringApplication.java:782) ~[spring-boot-3.1.5.jar:3.1.5]
	at org.springframework.boot.SpringApplication.run(SpringApplication.java:329) ~[spring-boot-3.1.5.jar:3.1.5]
	at org.springframework.boot.SpringApplication.run(SpringApplication.java:1306) ~[spring-boot-3.1.5.jar:3.1.5]
	at org.springframework.boot.SpringApplication.run(SpringApplication.java:1295) ~[spring-boot-3.1.5.jar:3.1.5]
	at com.hamitmizrak.seniorfullstack1.SeniorFullStack1Application.main(SeniorFullStack1Application.java:66) ~[classes/:na]
	at java.base/jdk.internal.reflect.DirectMethodHandleAccessor.invoke(DirectMethodHandleAccessor.java:103) ~[na:na]
	at java.base/java.lang.reflect.Method.invoke(Method.java:580) ~[na:na]
	at org.springframework.boot.devtools.restart.RestartLauncher.run(RestartLauncher.java:50) ~[spring-boot-devtools-3.1.5.jar:3.1.5]
Caused by: java.lang.ClassNotFoundException: com.hamitmizrak.seniorfullstack1.bean.Locale18NBean
	at java.base/jdk.internal.loader.BuiltinClassLoader.loadClass(BuiltinClassLoader.java:641) ~[na:na]
	at java.base/jdk.internal.loader.ClassLoaders$AppClassLoader.loadClass(ClassLoaders.java:188) ~[na:na]
	at java.base/java.lang.ClassLoader.loadClass(ClassLoader.java:526) ~[na:na]
	at java.base/java.lang.Class.forName0(Native Method) ~[na:na]
	at java.base/java.lang.Class.forName(Class.java:534) ~[na:na]
	at java.base/java.lang.Class.forName(Class.java:513) ~[na:na]
	at org.springframework.boot.devtools.restart.classloader.RestartClassLoader.loadClass(RestartClassLoader.java:121) ~[spring-boot-devtools-3.1.5.jar:3.1.5]
	at java.base/java.lang.ClassLoader.loadClass(ClassLoader.java:526) ~[na:na]
	at java.base/java.lang.Class.forName0(Native Method) ~[na:na]
	at java.base/java.lang.Class.forName(Class.java:534) ~[na:na]
	at java.base/java.lang.Class.forName(Class.java:513) ~[na:na]
	at org.springframework.util.ClassUtils.forName(ClassUtils.java:291) ~[spring-core-6.0.13.jar:6.0.13]
	at org.springframework.beans.factory.support.AbstractBeanDefinition.resolveBeanClass(AbstractBeanDefinition.java:462) ~[spring-beans-6.0.13.jar:6.0.13]
	at org.springframework.beans.factory.support.AbstractBeanFactory.doResolveBeanClass(AbstractBeanFactory.java:1567) ~[spring-beans-6.0.13.jar:6.0.13]
	at org.springframework.beans.factory.support.AbstractBeanFactory.resolveBeanClass(AbstractBeanFactory.java:1500) ~[spring-beans-6.0.13.jar:6.0.13]
	... 19 common frames omitted

2024-07-07T09:25:58.367+03:00  INFO 5304 --- [restartedMain] c.h.s.SeniorFullStack1Application        : Starting SeniorFullStack1Application using Java 21 with PID 5304 (E:\8-) Projeler Doküman\spring\SeniorFullStack1\target\classes started by Hamit-Mizrak in E:\8-) Projeler Doküman\spring\SeniorFullStack1)
2024-07-07T09:25:58.369+03:00  INFO 5304 --- [restartedMain] c.h.s.SeniorFullStack1Application        : The following 1 profile is active: "frontend"
2024-07-07T09:25:58.422+03:00  INFO 5304 --- [restartedMain] .e.DevToolsPropertyDefaultsPostProcessor : Devtools property defaults active! Set 'spring.devtools.add-properties' to 'false' to disable
2024-07-07T09:25:58.423+03:00  INFO 5304 --- [restartedMain] .e.DevToolsPropertyDefaultsPostProcessor : For additional web related logging consider setting the 'logging.level.web' property to 'DEBUG'
2024-07-07T09:25:59.605+03:00  INFO 5304 --- [restartedMain] .s.d.r.c.RepositoryConfigurationDelegate : Bootstrapping Spring Data JPA repositories in DEFAULT mode.
2024-07-07T09:25:59.680+03:00  INFO 5304 --- [restartedMain] .s.d.r.c.RepositoryConfigurationDelegate : Finished Spring Data repository scanning in 66 ms. Found 1 JPA repository interfaces.
2024-07-07T09:26:00.570+03:00  INFO 5304 --- [restartedMain] o.s.b.w.embedded.tomcat.TomcatWebServer  : Tomcat initialized with port(s): 4444 (http)
2024-07-07T09:26:00.582+03:00  INFO 5304 --- [restartedMain] o.apache.catalina.core.StandardService   : Starting service [Tomcat]
2024-07-07T09:26:00.583+03:00  INFO 5304 --- [restartedMain] o.apache.catalina.core.StandardEngine    : Starting Servlet engine: [Apache Tomcat/10.1.15]
2024-07-07T09:26:00.672+03:00  INFO 5304 --- [restartedMain] o.a.c.c.C.[Tomcat].[localhost].[/]       : Initializing Spring embedded WebApplicationContext
2024-07-07T09:26:00.673+03:00  INFO 5304 --- [restartedMain] w.s.c.ServletWebServerApplicationContext : Root WebApplicationContext: initialization completed in 2249 ms
2024-07-07T09:26:00.789+03:00  INFO 5304 --- [restartedMain] com.zaxxer.hikari.HikariDataSource       : HikariPool-1 - Starting...
2024-07-07T09:26:01.119+03:00  INFO 5304 --- [restartedMain] com.zaxxer.hikari.pool.HikariPool        : HikariPool-1 - Added connection conn0: url=jdbc:h2:file:./memory_persist/blog user=SA
2024-07-07T09:26:01.122+03:00  INFO 5304 --- [restartedMain] com.zaxxer.hikari.HikariDataSource       : HikariPool-1 - Start completed.
2024-07-07T09:26:01.135+03:00  INFO 5304 --- [restartedMain] o.s.b.a.h2.H2ConsoleAutoConfiguration    : H2 console available at '/h2-console'. Database available at 'jdbc:h2:file:./memory_persist/blog'
2024-07-07T09:26:01.211+03:00 DEBUG 5304 --- [restartedMain] o.s.w.f.ServerHttpObservationFilter      : Filter 'webMvcObservationFilter' configured for use
2024-07-07T09:26:01.212+03:00 DEBUG 5304 --- [restartedMain] o.s.w.s.r.ResourceUrlEncodingFilter      : Filter 'resourceUrlEncodingFilter' configured for use
2024-07-07T09:26:01.762+03:00  INFO 5304 --- [restartedMain] o.s.o.j.p.SpringPersistenceUnitInfo      : No LoadTimeWeaver setup: ignoring JPA class transformer
2024-07-07T09:26:02.877+03:00  INFO 5304 --- [restartedMain] j.LocalContainerEntityManagerFactoryBean : Initialized JPA EntityManagerFactory for persistence unit 'default'
2024-07-07T09:26:03.493+03:00  WARN 5304 --- [restartedMain] JpaBaseConfiguration$JpaWebConfiguration : spring.jpa.open-in-view is enabled by default. Therefore, database queries may be performed during view rendering. Explicitly configure spring.jpa.open-in-view to disable this warning
2024-07-07T09:26:03.632+03:00 DEBUG 5304 --- [restartedMain] s.w.s.m.m.a.RequestMappingHandlerAdapter : ControllerAdvice beans: 0 @ModelAttribute, 0 @InitBinder, 1 RequestBodyAdvice, 1 ResponseBodyAdvice
2024-07-07T09:26:03.676+03:00  INFO 5304 --- [restartedMain] o.s.b.a.w.s.WelcomePageHandlerMapping    : Adding welcome page template: index
2024-07-07T09:26:03.747+03:00 DEBUG 5304 --- [restartedMain] s.w.s.m.m.a.RequestMappingHandlerMapping : 5 mappings in 'requestMappingHandlerMapping'
2024-07-07T09:26:04.242+03:00 DEBUG 5304 --- [restartedMain] o.s.w.s.handler.SimpleUrlHandlerMapping  : Patterns [/webjars/**, /**, /swagger-ui*/*swagger-initializer.js, /swagger-ui*/**] in 'resourceHandlerMapping'
2024-07-07T09:26:04.254+03:00 DEBUG 5304 --- [restartedMain] .m.m.a.ExceptionHandlerExceptionResolver : ControllerAdvice beans: 1 @ExceptionHandler, 1 ResponseBodyAdvice
2024-07-07T09:26:04.717+03:00  INFO 5304 --- [restartedMain] o.s.b.d.a.OptionalLiveReloadServer       : LiveReload server is running on port 35729
2024-07-07T09:26:04.723+03:00  INFO 5304 --- [restartedMain] o.s.b.a.e.web.EndpointLinksResolver      : Exposing 16 endpoint(s) beneath base path '/actuator'
2024-07-07T09:26:04.824+03:00  INFO 5304 --- [restartedMain] o.s.b.w.embedded.tomcat.TomcatWebServer  : Tomcat started on port(s): 4444 (http) with context path ''
2024-07-07T09:26:04.838+03:00  INFO 5304 --- [restartedMain] c.h.s.SeniorFullStack1Application        : Started SeniorFullStack1Application in 6.987 seconds (process running for 7.824)
2024-07-07T09:26:42.736+03:00  INFO 5304 --- [File Watcher] rtingClassPathChangeChangedEventListener : Restarting due to 1 class path change (0 additions, 1 deletion, 0 modifications)
2024-07-07T09:26:42.746+03:00  INFO 5304 --- [Thread-6] o.apache.catalina.core.StandardService   : Stopping service [Tomcat]
2024-07-07T09:26:42.757+03:00  INFO 5304 --- [Thread-6] j.LocalContainerEntityManagerFactoryBean : Closing JPA EntityManagerFactory for persistence unit 'default'
2024-07-07T09:26:42.765+03:00  INFO 5304 --- [Thread-6] com.zaxxer.hikari.HikariDataSource       : HikariPool-1 - Shutdown initiated...
2024-07-07T09:26:42.817+03:00  INFO 5304 --- [Thread-6] com.zaxxer.hikari.HikariDataSource       : HikariPool-1 - Shutdown completed.
2024-07-07T11:56:42.937+05:30  INFO 5304 --- [restartedMain] c.h.s.SeniorFullStack1Application        : Starting SeniorFullStack1Application using Java 21 with PID 5304 (E:\8-) Projeler Doküman\spring\SeniorFullStack1\target\classes started by Hamit-Mizrak in E:\8-) Projeler Doküman\spring\SeniorFullStack1)
2024-07-07T11:56:42.939+05:30  INFO 5304 --- [restartedMain] c.h.s.SeniorFullStack1Application        : The following 1 profile is active: "frontend"
2024-07-07T11:56:43.329+05:30  INFO 5304 --- [restartedMain] .s.d.r.c.RepositoryConfigurationDelegate : Bootstrapping Spring Data JPA repositories in DEFAULT mode.
2024-07-07T11:56:43.345+05:30  INFO 5304 --- [restartedMain] .s.d.r.c.RepositoryConfigurationDelegate : Finished Spring Data repository scanning in 15 ms. Found 1 JPA repository interfaces.
2024-07-07T11:56:43.476+05:30  INFO 5304 --- [restartedMain] o.s.b.w.embedded.tomcat.TomcatWebServer  : Tomcat initialized with port(s): 4444 (http)
2024-07-07T11:56:43.477+05:30  INFO 5304 --- [restartedMain] o.apache.catalina.core.StandardService   : Starting service [Tomcat]
2024-07-07T11:56:43.477+05:30  INFO 5304 --- [restartedMain] o.apache.catalina.core.StandardEngine    : Starting Servlet engine: [Apache Tomcat/10.1.15]
2024-07-07T11:56:43.502+05:30  INFO 5304 --- [restartedMain] o.a.c.c.C.[Tomcat].[localhost].[/]       : Initializing Spring embedded WebApplicationContext
2024-07-07T11:56:43.502+05:30  INFO 5304 --- [restartedMain] w.s.c.ServletWebServerApplicationContext : Root WebApplicationContext: initialization completed in 558 ms
2024-07-07T11:56:43.535+05:30  INFO 5304 --- [restartedMain] com.zaxxer.hikari.HikariDataSource       : HikariPool-2 - Starting...
2024-07-07T11:56:43.557+05:30  INFO 5304 --- [restartedMain] com.zaxxer.hikari.pool.HikariPool        : HikariPool-2 - Added connection conn10: url=jdbc:h2:file:./memory_persist/blog user=SA
2024-07-07T11:56:43.559+05:30  INFO 5304 --- [restartedMain] com.zaxxer.hikari.HikariDataSource       : HikariPool-2 - Start completed.
2024-07-07T11:56:43.560+05:30  INFO 5304 --- [restartedMain] o.s.b.a.h2.H2ConsoleAutoConfiguration    : H2 console available at '/h2-console'. Database available at 'jdbc:h2:file:./memory_persist/blog'
2024-07-07T11:56:43.583+05:30 DEBUG 5304 --- [restartedMain] o.s.w.f.ServerHttpObservationFilter      : Filter 'webMvcObservationFilter' configured for use
2024-07-07T11:56:43.583+05:30 DEBUG 5304 --- [restartedMain] o.s.w.s.r.ResourceUrlEncodingFilter      : Filter 'resourceUrlEncodingFilter' configured for use
2024-07-07T11:56:43.608+05:30  INFO 5304 --- [restartedMain] o.s.o.j.p.SpringPersistenceUnitInfo      : No LoadTimeWeaver setup: ignoring JPA class transformer
2024-07-07T11:56:43.651+05:30  INFO 5304 --- [restartedMain] j.LocalContainerEntityManagerFactoryBean : Initialized JPA EntityManagerFactory for persistence unit 'default'
2024-07-07T11:56:43.751+05:30  WARN 5304 --- [restartedMain] JpaBaseConfiguration$JpaWebConfiguration : spring.jpa.open-in-view is enabled by default. Therefore, database queries may be performed during view rendering. Explicitly configure spring.jpa.open-in-view to disable this warning
2024-07-07T11:56:43.791+05:30 DEBUG 5304 --- [restartedMain] s.w.s.m.m.a.RequestMappingHandlerAdapter : ControllerAdvice beans: 0 @ModelAttribute, 0 @InitBinder, 1 RequestBodyAdvice, 1 ResponseBodyAdvice
2024-07-07T11:56:43.796+05:30  INFO 5304 --- [restartedMain] o.s.b.a.w.s.WelcomePageHandlerMapping    : Adding welcome page template: index
2024-07-07T11:56:43.810+05:30 DEBUG 5304 --- [restartedMain] s.w.s.m.m.a.RequestMappingHandlerMapping : 5 mappings in 'requestMappingHandlerMapping'
2024-07-07T11:56:44.150+05:30 DEBUG 5304 --- [restartedMain] o.s.w.s.handler.SimpleUrlHandlerMapping  : Patterns [/webjars/**, /**, /swagger-ui*/*swagger-initializer.js, /swagger-ui*/**] in 'resourceHandlerMapping'
2024-07-07T11:56:44.156+05:30 DEBUG 5304 --- [restartedMain] .m.m.a.ExceptionHandlerExceptionResolver : ControllerAdvice beans: 1 @ExceptionHandler, 1 ResponseBodyAdvice
2024-07-07T11:56:44.275+05:30  INFO 5304 --- [restartedMain] o.s.b.d.a.OptionalLiveReloadServer       : LiveReload server is running on port 35729
2024-07-07T11:56:44.278+05:30  INFO 5304 --- [restartedMain] o.s.b.a.e.web.EndpointLinksResolver      : Exposing 16 endpoint(s) beneath base path '/actuator'
2024-07-07T11:56:44.311+05:30  INFO 5304 --- [restartedMain] o.s.b.w.embedded.tomcat.TomcatWebServer  : Tomcat started on port(s): 4444 (http) with context path ''
2024-07-07T11:56:44.317+05:30  INFO 5304 --- [restartedMain] c.h.s.SeniorFullStack1Application        : Started SeniorFullStack1Application in 1.436 seconds (process running for 47.305)
2024-07-07T11:56:44.321+05:30  INFO 5304 --- [restartedMain] .ConditionEvaluationDeltaLoggingListener : Condition evaluation unchanged
2024-07-07T11:56:45.699+05:30  INFO 5304 --- [File Watcher] rtingClassPathChangeChangedEventListener : Restarting due to 1 class path change (1 addition, 0 deletions, 0 modifications)
2024-07-07T11:56:45.705+05:30  INFO 5304 --- [Thread-8] o.apache.catalina.core.StandardService   : Stopping service [Tomcat]
2024-07-07T11:56:45.710+05:30  INFO 5304 --- [Thread-8] j.LocalContainerEntityManagerFactoryBean : Closing JPA EntityManagerFactory for persistence unit 'default'
2024-07-07T11:56:45.712+05:30  INFO 5304 --- [Thread-8] com.zaxxer.hikari.HikariDataSource       : HikariPool-2 - Shutdown initiated...
2024-07-07T11:56:45.756+05:30  INFO 5304 --- [Thread-8] com.zaxxer.hikari.HikariDataSource       : HikariPool-2 - Shutdown completed.
2024-07-07T11:56:45.883+05:30  INFO 5304 --- [restartedMain] c.h.s.SeniorFullStack1Application        : Starting SeniorFullStack1Application using Java 21 with PID 5304 (E:\8-) Projeler Doküman\spring\SeniorFullStack1\target\classes started by Hamit-Mizrak in E:\8-) Projeler Doküman\spring\SeniorFullStack1)
2024-07-07T11:56:45.883+05:30  INFO 5304 --- [restartedMain] c.h.s.SeniorFullStack1Application        : The following 1 profile is active: "frontend"
2024-07-07T11:56:46.260+05:30  INFO 5304 --- [restartedMain] .s.d.r.c.RepositoryConfigurationDelegate : Bootstrapping Spring Data JPA repositories in DEFAULT mode.
2024-07-07T11:56:46.284+05:30  INFO 5304 --- [restartedMain] .s.d.r.c.RepositoryConfigurationDelegate : Finished Spring Data repository scanning in 23 ms. Found 1 JPA repository interfaces.
2024-07-07T11:56:46.411+05:30  INFO 5304 --- [restartedMain] o.s.b.w.embedded.tomcat.TomcatWebServer  : Tomcat initialized with port(s): 4444 (http)
2024-07-07T11:56:46.412+05:30  INFO 5304 --- [restartedMain] o.apache.catalina.core.StandardService   : Starting service [Tomcat]
2024-07-07T11:56:46.412+05:30  INFO 5304 --- [restartedMain] o.apache.catalina.core.StandardEngine    : Starting Servlet engine: [Apache Tomcat/10.1.15]
2024-07-07T11:56:46.439+05:30  INFO 5304 --- [restartedMain] o.a.c.c.C.[Tomcat].[localhost].[/]       : Initializing Spring embedded WebApplicationContext
2024-07-07T11:56:46.439+05:30  INFO 5304 --- [restartedMain] w.s.c.ServletWebServerApplicationContext : Root WebApplicationContext: initialization completed in 554 ms
2024-07-07T11:56:46.472+05:30  INFO 5304 --- [restartedMain] com.zaxxer.hikari.HikariDataSource       : HikariPool-3 - Starting...
2024-07-07T11:56:46.507+05:30  INFO 5304 --- [restartedMain] com.zaxxer.hikari.pool.HikariPool        : HikariPool-3 - Added connection conn20: url=jdbc:h2:file:./memory_persist/blog user=SA
2024-07-07T11:56:46.507+05:30  INFO 5304 --- [restartedMain] com.zaxxer.hikari.HikariDataSource       : HikariPool-3 - Start completed.
2024-07-07T11:56:46.507+05:30  INFO 5304 --- [restartedMain] o.s.b.a.h2.H2ConsoleAutoConfiguration    : H2 console available at '/h2-console'. Database available at 'jdbc:h2:file:./memory_persist/blog'
2024-07-07T11:56:46.538+05:30 DEBUG 5304 --- [restartedMain] o.s.w.f.ServerHttpObservationFilter      : Filter 'webMvcObservationFilter' configured for use
2024-07-07T11:56:46.539+05:30 DEBUG 5304 --- [restartedMain] o.s.w.s.r.ResourceUrlEncodingFilter      : Filter 'resourceUrlEncodingFilter' configured for use
2024-07-07T11:56:46.569+05:30  INFO 5304 --- [restartedMain] o.s.o.j.p.SpringPersistenceUnitInfo      : No LoadTimeWeaver setup: ignoring JPA class transformer
2024-07-07T11:56:46.611+05:30  INFO 5304 --- [restartedMain] j.LocalContainerEntityManagerFactoryBean : Initialized JPA EntityManagerFactory for persistence unit 'default'
2024-07-07T11:56:46.746+05:30  WARN 5304 --- [restartedMain] JpaBaseConfiguration$JpaWebConfiguration : spring.jpa.open-in-view is enabled by default. Therefore, database queries may be performed during view rendering. Explicitly configure spring.jpa.open-in-view to disable this warning
2024-07-07T11:56:46.797+05:30 DEBUG 5304 --- [restartedMain] s.w.s.m.m.a.RequestMappingHandlerAdapter : ControllerAdvice beans: 0 @ModelAttribute, 0 @InitBinder, 1 RequestBodyAdvice, 1 ResponseBodyAdvice
2024-07-07T11:56:46.802+05:30  INFO 5304 --- [restartedMain] o.s.b.a.w.s.WelcomePageHandlerMapping    : Adding welcome page template: index
2024-07-07T11:56:46.816+05:30 DEBUG 5304 --- [restartedMain] s.w.s.m.m.a.RequestMappingHandlerMapping : 5 mappings in 'requestMappingHandlerMapping'
2024-07-07T11:56:47.234+05:30 DEBUG 5304 --- [restartedMain] o.s.w.s.handler.SimpleUrlHandlerMapping  : Patterns [/webjars/**, /**, /swagger-ui*/*swagger-initializer.js, /swagger-ui*/**] in 'resourceHandlerMapping'
2024-07-07T11:56:47.239+05:30 DEBUG 5304 --- [restartedMain] .m.m.a.ExceptionHandlerExceptionResolver : ControllerAdvice beans: 1 @ExceptionHandler, 1 ResponseBodyAdvice
2024-07-07T11:56:47.374+05:30  INFO 5304 --- [restartedMain] o.s.b.d.a.OptionalLiveReloadServer       : LiveReload server is running on port 35729
2024-07-07T11:56:47.380+05:30  INFO 5304 --- [restartedMain] o.s.b.a.e.web.EndpointLinksResolver      : Exposing 16 endpoint(s) beneath base path '/actuator'
2024-07-07T11:56:47.415+05:30  INFO 5304 --- [restartedMain] o.s.b.w.embedded.tomcat.TomcatWebServer  : Tomcat started on port(s): 4444 (http) with context path ''
2024-07-07T11:56:47.424+05:30  INFO 5304 --- [restartedMain] c.h.s.SeniorFullStack1Application        : Started SeniorFullStack1Application in 1.58 seconds (process running for 50.41)
2024-07-07T11:56:47.427+05:30  INFO 5304 --- [restartedMain] .ConditionEvaluationDeltaLoggingListener : Condition evaluation unchanged
2024-07-07T12:02:58.166+05:30  INFO 5304 --- [File Watcher] rtingClassPathChangeChangedEventListener : Restarting due to 1 class path change (1 addition, 0 deletions, 0 modifications)
2024-07-07T12:02:58.172+05:30  INFO 5304 --- [Thread-12] o.apache.catalina.core.StandardService   : Stopping service [Tomcat]
2024-07-07T12:02:58.177+05:30  INFO 5304 --- [Thread-12] j.LocalContainerEntityManagerFactoryBean : Closing JPA EntityManagerFactory for persistence unit 'default'
2024-07-07T12:02:58.181+05:30  INFO 5304 --- [Thread-12] com.zaxxer.hikari.HikariDataSource       : HikariPool-3 - Shutdown initiated...
2024-07-07T12:02:58.231+05:30  INFO 5304 --- [Thread-12] com.zaxxer.hikari.HikariDataSource       : HikariPool-3 - Shutdown completed.
2024-07-07T12:02:58.333+05:30  INFO 5304 --- [restartedMain] c.h.s.SeniorFullStack1Application        : Starting SeniorFullStack1Application using Java 21 with PID 5304 (E:\8-) Projeler Doküman\spring\SeniorFullStack1\target\classes started by Hamit-Mizrak in E:\8-) Projeler Doküman\spring\SeniorFullStack1)
2024-07-07T12:02:58.333+05:30  INFO 5304 --- [restartedMain] c.h.s.SeniorFullStack1Application        : The following 1 profile is active: "frontend"
2024-07-07T12:02:58.623+05:30  INFO 5304 --- [restartedMain] .s.d.r.c.RepositoryConfigurationDelegate : Bootstrapping Spring Data JPA repositories in DEFAULT mode.
2024-07-07T12:02:58.631+05:30  INFO 5304 --- [restartedMain] .s.d.r.c.RepositoryConfigurationDelegate : Finished Spring Data repository scanning in 8 ms. Found 1 JPA repository interfaces.
2024-07-07T12:02:58.747+05:30  INFO 5304 --- [restartedMain] o.s.b.w.embedded.tomcat.TomcatWebServer  : Tomcat initialized with port(s): 4444 (http)
2024-07-07T12:02:58.747+05:30  INFO 5304 --- [restartedMain] o.apache.catalina.core.StandardService   : Starting service [Tomcat]
2024-07-07T12:02:58.747+05:30  INFO 5304 --- [restartedMain] o.apache.catalina.core.StandardEngine    : Starting Servlet engine: [Apache Tomcat/10.1.15]
2024-07-07T12:02:58.770+05:30  INFO 5304 --- [restartedMain] o.a.c.c.C.[Tomcat].[localhost].[/]       : Initializing Spring embedded WebApplicationContext
2024-07-07T12:02:58.770+05:30  INFO 5304 --- [restartedMain] w.s.c.ServletWebServerApplicationContext : Root WebApplicationContext: initialization completed in 436 ms
2024-07-07T12:02:58.805+05:30  INFO 5304 --- [restartedMain] com.zaxxer.hikari.HikariDataSource       : HikariPool-4 - Starting...
2024-07-07T12:02:58.828+05:30  INFO 5304 --- [restartedMain] com.zaxxer.hikari.pool.HikariPool        : HikariPool-4 - Added connection conn30: url=jdbc:h2:file:./memory_persist/blog user=SA
2024-07-07T12:02:58.828+05:30  INFO 5304 --- [restartedMain] com.zaxxer.hikari.HikariDataSource       : HikariPool-4 - Start completed.
2024-07-07T12:02:58.829+05:30  INFO 5304 --- [restartedMain] o.s.b.a.h2.H2ConsoleAutoConfiguration    : H2 console available at '/h2-console'. Database available at 'jdbc:h2:file:./memory_persist/blog'
2024-07-07T12:02:58.855+05:30 DEBUG 5304 --- [restartedMain] o.s.w.f.ServerHttpObservationFilter      : Filter 'webMvcObservationFilter' configured for use
2024-07-07T12:02:58.855+05:30 DEBUG 5304 --- [restartedMain] o.s.w.s.r.ResourceUrlEncodingFilter      : Filter 'resourceUrlEncodingFilter' configured for use
2024-07-07T12:02:58.881+05:30  INFO 5304 --- [restartedMain] o.s.o.j.p.SpringPersistenceUnitInfo      : No LoadTimeWeaver setup: ignoring JPA class transformer
2024-07-07T12:02:58.920+05:30  INFO 5304 --- [restartedMain] j.LocalContainerEntityManagerFactoryBean : Initialized JPA EntityManagerFactory for persistence unit 'default'
2024-07-07T12:02:59.022+05:30  WARN 5304 --- [restartedMain] JpaBaseConfiguration$JpaWebConfiguration : spring.jpa.open-in-view is enabled by default. Therefore, database queries may be performed during view rendering. Explicitly configure spring.jpa.open-in-view to disable this warning
2024-07-07T12:02:59.072+05:30 DEBUG 5304 --- [restartedMain] s.w.s.m.m.a.RequestMappingHandlerAdapter : ControllerAdvice beans: 0 @ModelAttribute, 0 @InitBinder, 1 RequestBodyAdvice, 1 ResponseBodyAdvice
2024-07-07T12:02:59.077+05:30  INFO 5304 --- [restartedMain] o.s.b.a.w.s.WelcomePageHandlerMapping    : Adding welcome page template: index
2024-07-07T12:02:59.093+05:30 DEBUG 5304 --- [restartedMain] s.w.s.m.m.a.RequestMappingHandlerMapping : 5 mappings in 'requestMappingHandlerMapping'
2024-07-07T12:02:59.447+05:30 DEBUG 5304 --- [restartedMain] o.s.w.s.handler.SimpleUrlHandlerMapping  : Patterns [/webjars/**, /**, /swagger-ui*/*swagger-initializer.js, /swagger-ui*/**] in 'resourceHandlerMapping'
2024-07-07T12:02:59.451+05:30 DEBUG 5304 --- [restartedMain] .m.m.a.ExceptionHandlerExceptionResolver : ControllerAdvice beans: 1 @ExceptionHandler, 1 ResponseBodyAdvice
2024-07-07T12:02:59.582+05:30  INFO 5304 --- [restartedMain] o.s.b.d.a.OptionalLiveReloadServer       : LiveReload server is running on port 35729
2024-07-07T12:02:59.585+05:30  INFO 5304 --- [restartedMain] o.s.b.a.e.web.EndpointLinksResolver      : Exposing 16 endpoint(s) beneath base path '/actuator'
2024-07-07T12:02:59.614+05:30  INFO 5304 --- [restartedMain] o.s.b.w.embedded.tomcat.TomcatWebServer  : Tomcat started on port(s): 4444 (http) with context path ''
2024-07-07T12:02:59.623+05:30  INFO 5304 --- [restartedMain] c.h.s.SeniorFullStack1Application        : Started SeniorFullStack1Application in 1.327 seconds (process running for 422.609)
2024-07-07T12:02:59.626+05:30  INFO 5304 --- [restartedMain] .ConditionEvaluationDeltaLoggingListener : Condition evaluation unchanged
2024-07-07T12:35:21.005+05:30  INFO 5304 --- [File Watcher] rtingClassPathChangeChangedEventListener : Restarting due to 3 class path changes (0 additions, 3 deletions, 0 modifications)
2024-07-07T12:35:21.011+05:30  INFO 5304 --- [Thread-16] o.apache.catalina.core.StandardService   : Stopping service [Tomcat]
2024-07-07T12:35:21.016+05:30  INFO 5304 --- [Thread-16] j.LocalContainerEntityManagerFactoryBean : Closing JPA EntityManagerFactory for persistence unit 'default'
2024-07-07T12:35:21.018+05:30  INFO 5304 --- [Thread-16] com.zaxxer.hikari.HikariDataSource       : HikariPool-4 - Shutdown initiated...
2024-07-07T12:35:21.068+05:30  INFO 5304 --- [Thread-16] com.zaxxer.hikari.HikariDataSource       : HikariPool-4 - Shutdown completed.
2024-07-07T12:35:21.197+05:30  INFO 5304 --- [restartedMain] c.h.s.SeniorFullStack1Application        : Starting SeniorFullStack1Application using Java 21 with PID 5304 (E:\8-) Projeler Doküman\spring\SeniorFullStack1\target\classes started by Hamit-Mizrak in E:\8-) Projeler Doküman\spring\SeniorFullStack1)
2024-07-07T12:35:21.197+05:30  INFO 5304 --- [restartedMain] c.h.s.SeniorFullStack1Application        : The following 1 profile is active: "frontend"
2024-07-07T12:35:21.551+05:30  INFO 5304 --- [restartedMain] .s.d.r.c.RepositoryConfigurationDelegate : Bootstrapping Spring Data JPA repositories in DEFAULT mode.
2024-07-07T12:35:21.559+05:30  INFO 5304 --- [restartedMain] .s.d.r.c.RepositoryConfigurationDelegate : Finished Spring Data repository scanning in 7 ms. Found 1 JPA repository interfaces.
2024-07-07T12:35:21.692+05:30  INFO 5304 --- [restartedMain] o.s.b.w.embedded.tomcat.TomcatWebServer  : Tomcat initialized with port(s): 4444 (http)
2024-07-07T12:35:21.692+05:30  INFO 5304 --- [restartedMain] o.apache.catalina.core.StandardService   : Starting service [Tomcat]
2024-07-07T12:35:21.692+05:30  INFO 5304 --- [restartedMain] o.apache.catalina.core.StandardEngine    : Starting Servlet engine: [Apache Tomcat/10.1.15]
2024-07-07T12:35:21.723+05:30  INFO 5304 --- [restartedMain] o.a.c.c.C.[Tomcat].[localhost].[/]       : Initializing Spring embedded WebApplicationContext
2024-07-07T12:35:21.724+05:30  INFO 5304 --- [restartedMain] w.s.c.ServletWebServerApplicationContext : Root WebApplicationContext: initialization completed in 525 ms
2024-07-07T12:35:21.757+05:30  INFO 5304 --- [restartedMain] com.zaxxer.hikari.HikariDataSource       : HikariPool-5 - Starting...
2024-07-07T12:35:21.777+05:30  INFO 5304 --- [restartedMain] com.zaxxer.hikari.pool.HikariPool        : HikariPool-5 - Added connection conn50: url=jdbc:h2:file:./memory_persist/blog user=SA
2024-07-07T12:35:21.777+05:30  INFO 5304 --- [restartedMain] com.zaxxer.hikari.HikariDataSource       : HikariPool-5 - Start completed.
2024-07-07T12:35:21.777+05:30  INFO 5304 --- [restartedMain] o.s.b.a.h2.H2ConsoleAutoConfiguration    : H2 console available at '/h2-console'. Database available at 'jdbc:h2:file:./memory_persist/blog'
2024-07-07T12:35:21.799+05:30 DEBUG 5304 --- [restartedMain] o.s.w.f.ServerHttpObservationFilter      : Filter 'webMvcObservationFilter' configured for use
2024-07-07T12:35:21.799+05:30 DEBUG 5304 --- [restartedMain] o.s.w.s.r.ResourceUrlEncodingFilter      : Filter 'resourceUrlEncodingFilter' configured for use
2024-07-07T12:35:21.822+05:30  INFO 5304 --- [restartedMain] o.s.o.j.p.SpringPersistenceUnitInfo      : No LoadTimeWeaver setup: ignoring JPA class transformer
2024-07-07T12:35:21.855+05:30  INFO 5304 --- [restartedMain] j.LocalContainerEntityManagerFactoryBean : Initialized JPA EntityManagerFactory for persistence unit 'default'
2024-07-07T12:35:21.904+05:30  WARN 5304 --- [restartedMain] JpaBaseConfiguration$JpaWebConfiguration : spring.jpa.open-in-view is enabled by default. Therefore, database queries may be performed during view rendering. Explicitly configure spring.jpa.open-in-view to disable this warning
2024-07-07T12:35:21.948+05:30 DEBUG 5304 --- [restartedMain] s.w.s.m.m.a.RequestMappingHandlerAdapter : ControllerAdvice beans: 0 @ModelAttribute, 0 @InitBinder, 1 RequestBodyAdvice, 1 ResponseBodyAdvice
2024-07-07T12:35:21.953+05:30  INFO 5304 --- [restartedMain] o.s.b.a.w.s.WelcomePageHandlerMapping    : Adding welcome page template: index
2024-07-07T12:35:21.968+05:30 DEBUG 5304 --- [restartedMain] s.w.s.m.m.a.RequestMappingHandlerMapping : 5 mappings in 'requestMappingHandlerMapping'
2024-07-07T12:35:22.388+05:30 DEBUG 5304 --- [restartedMain] o.s.w.s.handler.SimpleUrlHandlerMapping  : Patterns [/webjars/**, /**, /swagger-ui*/*swagger-initializer.js, /swagger-ui*/**] in 'resourceHandlerMapping'
2024-07-07T12:35:22.399+05:30 DEBUG 5304 --- [restartedMain] .m.m.a.ExceptionHandlerExceptionResolver : ControllerAdvice beans: 1 @ExceptionHandler, 1 ResponseBodyAdvice
2024-07-07T12:35:22.706+05:30  INFO 5304 --- [restartedMain] o.s.b.d.a.OptionalLiveReloadServer       : LiveReload server is running on port 35729
2024-07-07T12:35:22.728+05:30  INFO 5304 --- [restartedMain] o.s.b.a.e.web.EndpointLinksResolver      : Exposing 16 endpoint(s) beneath base path '/actuator'
2024-07-07T12:35:22.770+05:30  INFO 5304 --- [restartedMain] o.s.b.w.embedded.tomcat.TomcatWebServer  : Tomcat started on port(s): 4444 (http) with context path ''
2024-07-07T12:35:22.778+05:30  INFO 5304 --- [restartedMain] c.h.s.SeniorFullStack1Application        : Started SeniorFullStack1Application in 1.625 seconds (process running for 2365.765)
2024-07-07T12:35:22.780+05:30  INFO 5304 --- [restartedMain] .ConditionEvaluationDeltaLoggingListener : Condition evaluation unchanged
2024-07-07T12:35:24.129+05:30  INFO 5304 --- [File Watcher] rtingClassPathChangeChangedEventListener : Restarting due to 5 class path changes (5 additions, 0 deletions, 0 modifications)
2024-07-07T12:35:24.134+05:30  INFO 5304 --- [Thread-20] o.apache.catalina.core.StandardService   : Stopping service [Tomcat]
2024-07-07T12:35:24.139+05:30  INFO 5304 --- [Thread-20] j.LocalContainerEntityManagerFactoryBean : Closing JPA EntityManagerFactory for persistence unit 'default'
2024-07-07T12:35:24.141+05:30  INFO 5304 --- [Thread-20] com.zaxxer.hikari.HikariDataSource       : HikariPool-5 - Shutdown initiated...
2024-07-07T12:35:24.161+05:30  INFO 5304 --- [Thread-20] com.zaxxer.hikari.HikariDataSource       : HikariPool-5 - Shutdown completed.
2024-07-07T12:35:24.262+05:30  INFO 5304 --- [restartedMain] c.h.s.SeniorFullStack1Application        : Starting SeniorFullStack1Application using Java 21 with PID 5304 (E:\8-) Projeler Doküman\spring\SeniorFullStack1\target\classes started by Hamit-Mizrak in E:\8-) Projeler Doküman\spring\SeniorFullStack1)
2024-07-07T12:35:24.264+05:30  INFO 5304 --- [restartedMain] c.h.s.SeniorFullStack1Application        : The following 1 profile is active: "frontend"
2024-07-07T12:35:24.718+05:30  INFO 5304 --- [restartedMain] .s.d.r.c.RepositoryConfigurationDelegate : Bootstrapping Spring Data JPA repositories in DEFAULT mode.
2024-07-07T12:35:24.731+05:30  INFO 5304 --- [restartedMain] .s.d.r.c.RepositoryConfigurationDelegate : Finished Spring Data repository scanning in 12 ms. Found 1 JPA repository interfaces.
2024-07-07T12:35:24.911+05:30  INFO 5304 --- [restartedMain] o.s.b.w.embedded.tomcat.TomcatWebServer  : Tomcat initialized with port(s): 4444 (http)
2024-07-07T12:35:24.912+05:30  INFO 5304 --- [restartedMain] o.apache.catalina.core.StandardService   : Starting service [Tomcat]
2024-07-07T12:35:24.912+05:30  INFO 5304 --- [restartedMain] o.apache.catalina.core.StandardEngine    : Starting Servlet engine: [Apache Tomcat/10.1.15]
2024-07-07T12:35:24.940+05:30  INFO 5304 --- [restartedMain] o.a.c.c.C.[Tomcat].[localhost].[/]       : Initializing Spring embedded WebApplicationContext
2024-07-07T12:35:24.942+05:30  INFO 5304 --- [restartedMain] w.s.c.ServletWebServerApplicationContext : Root WebApplicationContext: initialization completed in 677 ms
2024-07-07T12:35:24.980+05:30  INFO 5304 --- [restartedMain] com.zaxxer.hikari.HikariDataSource       : HikariPool-6 - Starting...
2024-07-07T12:35:24.992+05:30  INFO 5304 --- [restartedMain] com.zaxxer.hikari.pool.HikariPool        : HikariPool-6 - Added connection conn60: url=jdbc:h2:file:./memory_persist/blog user=SA
2024-07-07T12:35:24.993+05:30  INFO 5304 --- [restartedMain] com.zaxxer.hikari.HikariDataSource       : HikariPool-6 - Start completed.
2024-07-07T12:35:24.993+05:30  INFO 5304 --- [restartedMain] o.s.b.a.h2.H2ConsoleAutoConfiguration    : H2 console available at '/h2-console'. Database available at 'jdbc:h2:file:./memory_persist/blog'
2024-07-07T12:35:25.018+05:30 DEBUG 5304 --- [restartedMain] o.s.w.f.ServerHttpObservationFilter      : Filter 'webMvcObservationFilter' configured for use
2024-07-07T12:35:25.018+05:30 DEBUG 5304 --- [restartedMain] o.s.w.s.r.ResourceUrlEncodingFilter      : Filter 'resourceUrlEncodingFilter' configured for use
2024-07-07T12:35:25.052+05:30  INFO 5304 --- [restartedMain] o.s.o.j.p.SpringPersistenceUnitInfo      : No LoadTimeWeaver setup: ignoring JPA class transformer
2024-07-07T12:35:25.093+05:30  INFO 5304 --- [restartedMain] j.LocalContainerEntityManagerFactoryBean : Initialized JPA EntityManagerFactory for persistence unit 'default'
2024-07-07T12:35:25.201+05:30  WARN 5304 --- [restartedMain] JpaBaseConfiguration$JpaWebConfiguration : spring.jpa.open-in-view is enabled by default. Therefore, database queries may be performed during view rendering. Explicitly configure spring.jpa.open-in-view to disable this warning
2024-07-07T12:35:25.240+05:30 DEBUG 5304 --- [restartedMain] s.w.s.m.m.a.RequestMappingHandlerAdapter : ControllerAdvice beans: 0 @ModelAttribute, 0 @InitBinder, 1 RequestBodyAdvice, 1 ResponseBodyAdvice
2024-07-07T12:35:25.244+05:30  INFO 5304 --- [restartedMain] o.s.b.a.w.s.WelcomePageHandlerMapping    : Adding welcome page template: index
2024-07-07T12:35:25.261+05:30 DEBUG 5304 --- [restartedMain] s.w.s.m.m.a.RequestMappingHandlerMapping : 12 mappings in 'requestMappingHandlerMapping'
2024-07-07T12:35:25.576+05:30 DEBUG 5304 --- [restartedMain] o.s.w.s.handler.SimpleUrlHandlerMapping  : Patterns [/webjars/**, /**, /swagger-ui*/*swagger-initializer.js, /swagger-ui*/**] in 'resourceHandlerMapping'
2024-07-07T12:35:25.582+05:30 DEBUG 5304 --- [restartedMain] .m.m.a.ExceptionHandlerExceptionResolver : ControllerAdvice beans: 1 @ExceptionHandler, 1 ResponseBodyAdvice
2024-07-07T12:35:25.690+05:30  INFO 5304 --- [restartedMain] o.s.b.d.a.OptionalLiveReloadServer       : LiveReload server is running on port 35729
2024-07-07T12:35:25.693+05:30  INFO 5304 --- [restartedMain] o.s.b.a.e.web.EndpointLinksResolver      : Exposing 16 endpoint(s) beneath base path '/actuator'
2024-07-07T12:35:25.720+05:30  INFO 5304 --- [restartedMain] o.s.b.w.embedded.tomcat.TomcatWebServer  : Tomcat started on port(s): 4444 (http) with context path ''
2024-07-07T12:35:25.726+05:30  INFO 5304 --- [restartedMain] c.h.s.SeniorFullStack1Application        : Started SeniorFullStack1Application in 1.503 seconds (process running for 2368.712)
2024-07-07T12:35:25.728+05:30  INFO 5304 --- [restartedMain] .ConditionEvaluationDeltaLoggingListener : Condition evaluation unchanged
